Escaper:2: error: Missing closing brace `}' assumed here
override def run() {
^Escaper:2: error: expected start of definition
override def run() {
         ^Escaper:12: error: expected class or object definition
def keepHandOnSideWall() {
^