JediEscaper:2: error: Missing closing brace `}' assumed here
override def run() {
^JediEscaper:2: error: expected start of definition
override def run() {
         ^