Erreur de compilation :
FlowerPot: error: not found: value growFlowers
	    growFlowers();
            ^FlowerPot:18: error: method run is defined twice
  conflicting symbols both originated in file 'plm.runtime5.FlowerPot'
override def run {
             ^