Compilation error:
SlugSnail:2: error: Missing closing brace `}' assumed here
def hunt(c:Color) {
^SlugSnail:2: error: expected class or object definition
def hunt(c:Color) {
^SlugSnail:19: error: expected class or object definition
def isFacingTrail(c:color):Boolean = {
^