Compilation error:
MethodsArgs:4: error: not found: value n
    for (k<-1 to n){
                 ^MethodsArgs:8: error: not found: value n
      for(k<-1 to n){
                  ^