Compilation error:
PatternPicture:1: error: Missing closing brace `}' assumed here
override def run() {
^PatternPicture:1: error: expected start of definition
override def run() {
         ^