Erreur de compilation :
FourSquare:3: error: identifier expected but ')' found.
    avance(100.)
               ^FourSquare:4: error: identifier expected but ')' found.
    droite(90.)}} 
              ^