AlgBubbleSort3:2: error: Missing closing brace `}' assumed here
def bubbleSort3() {
^AlgBubbleSort3:2: error: expected class or object definition
def bubbleSort3() {
^