Erreur de compilation :
Snake:1: error: Missing closing brace `}' assumed here
override def run() {
^Snake:1: error: expected start of definition
override def run() {
         ^