Turmite:20: error: identifier expected but integer literal found.
var rule:Array[Array[Array[Int]]] = T[U[V[2]]
                                          ^Turmite:21: error: ']' expected but ';' found.
var nbSteps:Int = 8342;
                      ^Turmite:51: error: ';' expected but 'def' found.
def init(){
^Turmite:87: error: expected start of definition
	override def run() {
                 ^Turmite:119: error: Unmatched closing brace '}' ignored here
}
^