maxMod5:-6: error: Missing closing brace `}' assumed here
try {
^maxMod5:1: error: expected class or object definition
def maxMod5(a:Int, b:Int):Int = { 
^