SlugHunting:2: error: Missing closing brace `}' assumed here
def isFacingTrail():Boolean = {
^SlugHunting:2: error: expected class or object definition
def isFacingTrail():Boolean = {
^SlugHunting:24: error: expected class or object definition
def hunt() {
^