SnakeBuggle:1: error: Missing closing brace `}' assumed here
override def run() {
^SnakeBuggle:1: error: expected start of definition
override def run() {
         ^SnakeBuggle:12: error: expected class or object definition
def snake(){
^