Array1:2: error: Missing closing brace `}' assumed here
override def run() {
^Array1:2: error: expected start of definition
override def run() {
         ^