Program:2: error: Missing closing brace `}' assumed here
def move(nbPas:Int,versLAvant: Boolean){
^Program:2: error: expected class or object definition
def move(nbPas:Int,versLAvant: Boolean){
^