max1020:-6: error: Missing closing brace `}' assumed here
try {
^max1020:1: error: expected class or object definition
def max1020(a:Int, b:Int):Int = {
^