MethodsPicture:1: error: ':' expected but ')' found.
override def run(c) {
                  ^MethodsPicture:44: error: identifier expected but '}' found.
}
^