posNeg:-6: error: Missing closing brace `}' assumed here
try {
^posNeg:1: error: expected class or object definition
def posNeg(a:Int, b:Int, negative:Boolean):Boolean = {
^