loneTeen:-6: error: Missing closing brace `}' assumed here
try {
^loneTeen:1: error: expected class or object definition
def loneTeen(a:Int, b:Int):Boolean = {
^